TLC2 Version 2026.05.04.141011 (rev: 2097138)
Warning: Please run the Java VM, which executes TLC with a throughput optimized garbage collector, by passing the "-XX:+UseParallelGC" property.
(Use the -nowarning option to disable this warning.)
Running breadth-first search Model-Checking with fp 41 and seed -8644014882966225529 with 10 workers on 10 cores with 2488MB heap and 64MB offheap memory [pid: 62] (Linux 6.6.114.1-microsoft-standard-WSL2 amd64, Eclipse Adoptium 11.0.31 64bit, MSBDiskFPSet, DiskStateQueue).
Parsing file /tla-spec/CognitiveShadow_Model.tla
Parsing file /tmp/tlc-18254825698846860194/Integers.tla (jar:file:/tla-spec/tla2tools.jar!/tla2sany/StandardModules/Integers.tla)
Parsing file /tmp/tlc-18254825698846860194/FiniteSets.tla (jar:file:/tla-spec/tla2tools.jar!/tla2sany/StandardModules/FiniteSets.tla)
Parsing file /tmp/tlc-18254825698846860194/TLC.tla (jar:file:/tla-spec/tla2tools.jar!/tla2sany/StandardModules/TLC.tla)
Parsing file /tmp/tlc-18254825698846860194/_TLCTrace.tla (jar:file:/tla-spec/tla2tools.jar!/tla2sany/StandardModules/_TLCTrace.tla)
Parsing file /tmp/tlc-18254825698846860194/Naturals.tla (jar:file:/tla-spec/tla2tools.jar!/tla2sany/StandardModules/Naturals.tla)
Parsing file /tmp/tlc-18254825698846860194/Sequences.tla (jar:file:/tla-spec/tla2tools.jar!/tla2sany/StandardModules/Sequences.tla)
Parsing file /tmp/tlc-18254825698846860194/TLCExt.tla (jar:file:/tla-spec/tla2tools.jar!/tla2sany/StandardModules/TLCExt.tla)
Semantic processing of module Naturals
Semantic processing of module Integers
Semantic processing of module Sequences
Semantic processing of module FiniteSets
Semantic processing of module TLC
Semantic processing of module TLCExt
Semantic processing of module _TLCTrace
Semantic processing of module CognitiveShadow_Model
Linting of module TLCExt
Linting of module _TLCTrace
Linting of module CognitiveShadow_Model
Starting... (2026-07-11 07:07:50)
Warning: The invariant Inv_SignatureObservability is a constant-level formula (i.e., it contains no variables, primes, or temporal operators) and evaluates to TRUE. To assert constant-level formulas in your spec, use ASSUME ConstInv. If you optionally want to give the assumption a name, write ASSUME YourAssumption == ConstInv instead. See https://explain.tlapl.us/assumptions-and-invariants for additional details.
Warning: The invariant Inv_ContextDependence is a constant-level formula (i.e., it contains no variables, primes, or temporal operators) and evaluates to TRUE. To assert constant-level formulas in your spec, use ASSUME ConstInv. If you optionally want to give the assumption a name, write ASSUME YourAssumption == ConstInv instead. See https://explain.tlapl.us/assumptions-and-invariants for additional details.
Computing initial states...
Finished computing initial states: 1 distinct state generated at 2026-07-11 07:07:50.
Model checking completed. No error has been found.
  Estimates of the probability that TLC did not check all reachable states
  because two distinct states had the same fingerprint:
  calculated (optimistic):  val = 2.7E-10
  based on the actual fingerprints:  val = 3.2E-11
161941 states generated, 41979 distinct states found, 0 states left on queue.
The depth of the complete state graph search is 2059.
The average outdegree of the complete state graph is 1 (minimum is 0, the maximum 4 and the 95th percentile is 2).
Finished in 02s at (2026-07-11 07:07:52)
