TLC2 Version 2026.05.04.141011 (rev: 2097138)
Warning: Please run the Java VM, which executes TLC with a throughput optimized garbage collector, by passing the "-XX:+UseParallelGC" property.
(Use the -nowarning option to disable this warning.)
Running breadth-first search Model-Checking with fp 17 and seed 1476260951772237919 with 10 workers on 10 cores with 2488MB heap and 64MB offheap memory [pid: 709] (Linux 6.6.114.1-microsoft-standard-WSL2 amd64, Eclipse Adoptium 11.0.31 64bit, MSBDiskFPSet, DiskStateQueue).
Parsing file /tla-spec/FORCED_REPORT_WithAudit.tla
Parsing file /tmp/tlc-17642404221695405515/Integers.tla (jar:file:/tla-spec/tla2tools.jar!/tla2sany/StandardModules/Integers.tla)
Parsing file /tmp/tlc-17642404221695405515/Sequences.tla (jar:file:/tla-spec/tla2tools.jar!/tla2sany/StandardModules/Sequences.tla)
Parsing file /tmp/tlc-17642404221695405515/TLC.tla (jar:file:/tla-spec/tla2tools.jar!/tla2sany/StandardModules/TLC.tla)
Parsing file /tmp/tlc-17642404221695405515/_TLCTrace.tla (jar:file:/tla-spec/tla2tools.jar!/tla2sany/StandardModules/_TLCTrace.tla)
Parsing file /tmp/tlc-17642404221695405515/Naturals.tla (jar:file:/tla-spec/tla2tools.jar!/tla2sany/StandardModules/Naturals.tla)
Parsing file /tmp/tlc-17642404221695405515/FiniteSets.tla (jar:file:/tla-spec/tla2tools.jar!/tla2sany/StandardModules/FiniteSets.tla)
Parsing file /tmp/tlc-17642404221695405515/TLCExt.tla (jar:file:/tla-spec/tla2tools.jar!/tla2sany/StandardModules/TLCExt.tla)
Semantic processing of module Naturals
Semantic processing of module Integers
Semantic processing of module Sequences
Semantic processing of module FiniteSets
Semantic processing of module TLC
Semantic processing of module TLCExt
Semantic processing of module _TLCTrace
Semantic processing of module FORCED_REPORT_WithAudit
Linting of module TLCExt
Linting of module _TLCTrace
Linting of module FORCED_REPORT_WithAudit
Starting... (2026-07-11 07:23:55)
Computing initial states...
Computed 2 initial states...
Computed 4 initial states...
Computed 8 initial states...
Finished computing initial states: 16 distinct states generated at 2026-07-11 07:23:55.
Progress(14) at 2026-07-11 07:23:58: 402,927 states generated (402,927 s/min), 61,814 distinct states found (61,814 ds/min), 10,404 states left on queue.
Model checking completed. No error has been found.
  Estimates of the probability that TLC did not check all reachable states
  because two distinct states had the same fingerprint:
  calculated (optimistic):  val = 8.5E-9
  based on the actual fingerprints:  val = 2.8E-9
1193064 states generated, 149376 distinct states found, 0 states left on queue.
The depth of the complete state graph search is 20.
The average outdegree of the complete state graph is 1 (minimum is 0, the maximum 13 and the 95th percentile is 4).
Finished in 12s at (2026-07-11 07:24:07)
