TLC2 Version 2026.05.04.141011 (rev: 2097138)
Warning: Please run the Java VM, which executes TLC with a throughput optimized garbage collector, by passing the "-XX:+UseParallelGC" property.
(Use the -nowarning option to disable this warning.)
Running breadth-first search Model-Checking with fp 0 and seed -7256531951169966284 with 10 workers on 10 cores with 2488MB heap and 64MB offheap memory [pid: 773] (Linux 6.6.114.1-microsoft-standard-WSL2 amd64, Eclipse Adoptium 11.0.31 64bit, MSBDiskFPSet, DiskStateQueue).
Parsing file /tla-spec/ShadowEthicsInvariants.tla
Parsing file /tmp/tlc-15259593192810323797/Integers.tla (jar:file:/tla-spec/tla2tools.jar!/tla2sany/StandardModules/Integers.tla)
Parsing file /tmp/tlc-15259593192810323797/FiniteSets.tla (jar:file:/tla-spec/tla2tools.jar!/tla2sany/StandardModules/FiniteSets.tla)
Parsing file /tmp/tlc-15259593192810323797/TLC.tla (jar:file:/tla-spec/tla2tools.jar!/tla2sany/StandardModules/TLC.tla)
Parsing file /tmp/tlc-15259593192810323797/_TLCTrace.tla (jar:file:/tla-spec/tla2tools.jar!/tla2sany/StandardModules/_TLCTrace.tla)
Parsing file /tmp/tlc-15259593192810323797/Naturals.tla (jar:file:/tla-spec/tla2tools.jar!/tla2sany/StandardModules/Naturals.tla)
Parsing file /tmp/tlc-15259593192810323797/Sequences.tla (jar:file:/tla-spec/tla2tools.jar!/tla2sany/StandardModules/Sequences.tla)
Parsing file /tmp/tlc-15259593192810323797/TLCExt.tla (jar:file:/tla-spec/tla2tools.jar!/tla2sany/StandardModules/TLCExt.tla)
Semantic processing of module Naturals
Semantic processing of module Integers
Semantic processing of module Sequences
Semantic processing of module FiniteSets
Semantic processing of module TLC
Semantic processing of module TLCExt
Semantic processing of module _TLCTrace
Semantic processing of module ShadowEthicsInvariants
Linting of module TLCExt
Linting of module _TLCTrace
Linting of module ShadowEthicsInvariants
Starting... (2026-07-11 07:24:08)
Computing initial states...
Finished computing initial states: 1 distinct state generated at 2026-07-11 07:24:08.
Model checking completed. No error has been found.
  Estimates of the probability that TLC did not check all reachable states
  because two distinct states had the same fingerprint:
  calculated (optimistic):  val = 2.2E-19
4 states generated, 2 distinct states found, 0 states left on queue.
The depth of the complete state graph search is 2.
The average outdegree of the complete state graph is 1 (minimum is 0, the maximum 1 and the 95th percentile is 1).
Finished in 00s at (2026-07-11 07:24:08)
